<?xml version="1.0" encoding="UTF-8"?>
<!-- Generated by org.testng.reporters.JUnitXMLReporter -->
<testsuite ignored="0" hostname="DESKTOP-HR5OPSO" failures="0" tests="10" name="RestApiTest" time="21.219" errors="0" timestamp="2020-11-26T19:29:24 IST">
  <testcase classname="org.RestApi.TestCases.TC001_GET_REQUEST" name="CheckStstusLine" time="0.012"/>
  <testcase classname="org.RestApi.TestCases.TC001_GET_REQUEST" name="CheckStstuscode" time="0.003"/>
  <testcase classname="org.RestApi.TestCases.TC001_GET_REQUEST" name="GetUserDetails" time="0.077"/>
  <testcase classname="org.RestApi.TestCases.TC002_POST_REQUEST" name="Resbody" time="0.007"/>
  <testcase classname="org.RestApi.TestCases.TC004_GET_REQUEST" name="CheckStstusLine" time="0.002"/>
  <testcase classname="org.RestApi.TestCases.TC004_GET_REQUEST" name="CheckStstuscode" time="0.003"/>
  <testcase classname="org.RestApi.TestCases.TC004_GET_REQUEST" name="GetAllHeaders" time="0.005"/>
  <testcase classname="org.RestApi.TestCases.TC004_GET_REQUEST" name="GetUserDetails" time="0.01"/>
  <testcase classname="org.RestApi.TestCases.TC00_PUT_REQUEST" name="Resbody" time="0.003"/>
  <testcase classname="org.RestApi.TestCases.TC00_DELETE_REQUEST" name="Resbody" time="0.001"/>
</testsuite> <!-- RestApiTest -->
