<?xml version="1.0" encoding="UTF-8"?>
<testsuite xmlns:xsi="http://www.w3.org/2001/XMLSchema-instance" xsi:noNamespaceSchemaLocation="https://maven.apache.org/surefire/maven-surefire-plugin/xsd/surefire-test-report-3.0.xsd" version="3.0" name="TestSuite" time="25.028" tests="10" errors="0" skipped="0" failures="0">
  <properties>
[...]
</properties>
  <testcase name="CheckStstusLine" classname="org.RestApi.TestCases.TC001_GET_REQUEST" time="0.117">
    <system-out><![CDATA[2020-11-26 19:29:04 INFO  ApI Test:18 - *********Strted TC001_GET_REQUEST*********
2020-11-26 19:29:15 INFO  ApI Test:45 - *********Check status Line*********
Status Line Is: HTTP/1.1 200 OK
]]></system-out>
  </testcase>
  <testcase name="CheckStstuscode" classname="org.RestApi.TestCases.TC001_GET_REQUEST" time="0.001">
    <system-out><![CDATA[2020-11-26 19:29:15 INFO  ApI Test:36 - *********Check status code*********
Status Code Is: 200
]]></system-out>
  </testcase>
  <testcase name="GetUserDetails" classname="org.RestApi.TestCases.TC001_GET_REQUEST" time="0.08">
    <system-out><![CDATA[2020-11-26 19:29:15 INFO  ApI Test:27 - *********Checking REsponse body*********
2020-11-26 19:29:15 INFO  ApI Test:29 - Response Body==>{"data":{"id":8,"email":"lindsay.ferguson@reqres.in","first_name":"Lindsay","last_name":"Ferguson","avatar":"https://reqres.in/img/faces/8-image.jpg"},"support":{"url":"https://reqres.in/#support-heading","text":"To keep ReqRes free, contributions towards server costs are appreciated!"}}
]]></system-out>
  </testcase>
  <testcase name="Resbody" classname="org.RestApi.TestCases.TC002_POST_REQUEST" time="0.005">
    <system-out><![CDATA[2020-11-26 19:29:15 INFO  ApI Test:22 - *********Strted TC002_POST_REQUEST*********
]]></system-out>
  </testcase>
  <testcase name="CheckStstusLine" classname="org.RestApi.TestCases.TC004_GET_REQUEST" time="0.007">
    <system-out><![CDATA[2020-11-26 19:29:17 INFO  ApI Test:18 - *********Strted TC001_GET_REQUEST*********
2020-11-26 19:29:18 INFO  ApI Test:59 - *********Check status Line*********
Status Line Is: HTTP/1.1 200 OK
]]></system-out>
  </testcase>
  <testcase name="CheckStstuscode" classname="org.RestApi.TestCases.TC004_GET_REQUEST" time="0.009">
    <system-out><![CDATA[2020-11-26 19:29:18 INFO  ApI Test:50 - *********Check status code*********
Status Code Is: 200
]]></system-out>
  </testcase>
  <testcase name="GetAllHeaders" classname="org.RestApi.TestCases.TC004_GET_REQUEST" time="0.054">
    <system-out><![CDATA[2020-11-26 19:29:18 INFO  ApI Test:27 - *********Get all headers list*********
Response Body Is: {"page":1,"per_page":6,"total":12,"total_pages":2,"data":[{"id":1,"name":"cerulean","year":2000,"color":"#98B2D1","pantone_value":"15-4020"},{"id":2,"name":"fuchsia rose","year":2001,"color":"#C74375","pantone_value":"17-2031"},{"id":3,"name":"true red","year":2002,"color":"#BF1932","pantone_value":"19-1664"},{"id":4,"name":"aqua sky","year":2003,"color":"#7BC4C4","pantone_value":"14-4811"},{"id":5,"name":"tigerlily","year":2004,"color":"#E2583E","pantone_value":"17-1456"},{"id":6,"name":"blue turquoise","year":2005,"color":"#53B0AE","pantone_value":"15-5217"}],"support":{"url":"https://reqres.in/#support-heading","text":"To keep ReqRes free, contributions towards server costs are appreciated!"}}
Date : Thu, 26 Nov 2020 14:08:56 GMT
Content-Type : application/json; charset=utf-8
Transfer-Encoding : chunked
Connection : keep-alive
Set-Cookie : __cfduid=dd83aae6a93a671d7ec8ad4da48cf56e61606399736; expires=Sat, 26-Dec-20 14:08:56 GMT; path=/; domain=.reqres.in; HttpOnly; SameSite=Lax; Secure
X-Powered-By : Express
Access-Control-Allow-Origin : *
Etag : W/"2c1-N6Rqerxquq2kgQhL51EiSg4x0R8"
Via : 1.1 vegur
Cache-Control : max-age=14400
CF-Cache-Status : HIT
Age : 2062
cf-request-id : 06a67bd2b100002e234d007000000001
Expect-CT : max-age=604800, report-uri="https://report-uri.cloudflare.com/cdn-cgi/beacon/expect-ct"
Report-To : {"endpoints":[{"url":"https:\/\/a.nel.cloudflare.com\/report?s=pF9qlwuFY1kFMisWXfc24sphJCR5dXfUHlTZ6TpS%2BxwAGWp881aqzLdcL2Kb%2BDWAzUzcZvOezIdZFTlP1PtqZaxp%2BoFbkDTzbok%3D"}],"group":"cf-nel","max_age":604800}
NEL : {"report_to":"cf-nel","max_age":604800}
Vary : Accept-Encoding
Server : cloudflare
CF-RAY : 5f842f311f7c2e23-BOM
Content-Encoding : gzip
]]></system-out>
  </testcase>
  <testcase name="GetUserDetails" classname="org.RestApi.TestCases.TC004_GET_REQUEST" time="0.023">
    <system-out><![CDATA[2020-11-26 19:29:18 INFO  ApI Test:41 - *********Checking REsponse body*********
2020-11-26 19:29:18 INFO  ApI Test:43 - Response Body==>{"page":1,"per_page":6,"total":12,"total_pages":2,"data":[{"id":1,"name":"cerulean","year":2000,"color":"#98B2D1","pantone_value":"15-4020"},{"id":2,"name":"fuchsia rose","year":2001,"color":"#C74375","pantone_value":"17-2031"},{"id":3,"name":"true red","year":2002,"color":"#BF1932","pantone_value":"19-1664"},{"id":4,"name":"aqua sky","year":2003,"color":"#7BC4C4","pantone_value":"14-4811"},{"id":5,"name":"tigerlily","year":2004,"color":"#E2583E","pantone_value":"17-1456"},{"id":6,"name":"blue turquoise","year":2005,"color":"#53B0AE","pantone_value":"15-5217"}],"support":{"url":"https://reqres.in/#support-heading","text":"To keep ReqRes free, contributions towards server costs are appreciated!"}}
]]></system-out>
  </testcase>
  <testcase name="Resbody" classname="org.RestApi.TestCases.TC00_PUT_REQUEST" time="0">
    <system-out><![CDATA[2020-11-26 19:29:18 INFO  ApI Test:21 - *********Strted TC002_POST_REQUEST*********
]]></system-out>
  </testcase>
  <testcase name="Resbody" classname="org.RestApi.TestCases.TC00_DELETE_REQUEST" time="0">
    <system-out><![CDATA[2020-11-26 19:29:19 INFO  ApI Test:18 - *********Strted TC002_POST_REQUEST*********
]]></system-out>
  </testcase>
</testsuite>