<?xml version="1.0" encoding="UTF-8"?>
<testng-results ignored="0" total="10" passed="10" failed="0" skipped="0">
  <reporter-output>
  </reporter-output>
  <suite started-at="2020-11-26T19:29:03 IST" name="RestApiSuite" finished-at="2020-11-26T19:29:24 IST" duration-ms="21219">
    <groups>
    </groups>
    <test started-at="2020-11-26T19:29:03 IST" name="RestApiTest" finished-at="2020-11-26T19:29:24 IST" duration-ms="21219">
      <class name="org.RestApi.TestCases.TC002_POST_REQUEST">
        <test-method is-config="true" signature="SetUp()[pri:0, instance:org.RestApi.TestCases.TC002_POST_REQUEST@6b19b79]" started-at="2020-11-26T19:29:15 IST" name="SetUp" finished-at="2020-11-26T19:29:15 IST" duration-ms="9" status="PASS">
          <reporter-output>
          </reporter-output>
        </test-method> <!-- SetUp -->
        <test-method is-config="true" signature="PostUserDetails()[pri:0, instance:org.RestApi.TestCases.TC002_POST_REQUEST@6b19b79]" started-at="2020-11-26T19:29:15 IST" name="PostUserDetails" finished-at="2020-11-26T19:29:17 IST" duration-ms="2144" status="PASS">
          <reporter-output>
          </reporter-output>
        </test-method> <!-- PostUserDetails -->
        <test-method signature="Resbody()[pri:0, instance:org.RestApi.TestCases.TC002_POST_REQUEST@6b19b79]" started-at="2020-11-26T19:29:17 IST" name="Resbody" finished-at="2020-11-26T19:29:17 IST" duration-ms="7" status="PASS">
          <reporter-output>
          </reporter-output>
        </test-method> <!-- Resbody -->
      </class> <!-- org.RestApi.TestCases.TC002_POST_REQUEST -->
      <class name="org.RestApi.TestCases.TC004_GET_REQUEST">
        <test-method is-config="true" signature="SetUp()[pri:0, instance:org.RestApi.TestCases.TC004_GET_REQUEST@2a32de6c]" started-at="2020-11-26T19:29:17 IST" name="SetUp" finished-at="2020-11-26T19:29:17 IST" duration-ms="11" status="PASS">
          <reporter-output>
          </reporter-output>
        </test-method> <!-- SetUp -->
        <test-method is-config="true" signature="GetUser()[pri:0, instance:org.RestApi.TestCases.TC004_GET_REQUEST@2a32de6c]" started-at="2020-11-26T19:29:17 IST" name="GetUser" finished-at="2020-11-26T19:29:18 IST" duration-ms="632" status="PASS">
          <reporter-output>
          </reporter-output>
        </test-method> <!-- GetUser -->
        <test-method signature="CheckStstusLine()[pri:0, instance:org.RestApi.TestCases.TC004_GET_REQUEST@2a32de6c]" started-at="2020-11-26T19:29:18 IST" name="CheckStstusLine" finished-at="2020-11-26T19:29:18 IST" duration-ms="2" status="PASS">
          <reporter-output>
          </reporter-output>
        </test-method> <!-- CheckStstusLine -->
        <test-method signature="CheckStstuscode()[pri:0, instance:org.RestApi.TestCases.TC004_GET_REQUEST@2a32de6c]" started-at="2020-11-26T19:29:18 IST" name="CheckStstuscode" finished-at="2020-11-26T19:29:18 IST" duration-ms="3" status="PASS">
          <reporter-output>
          </reporter-output>
        </test-method> <!-- CheckStstuscode -->
        <test-method signature="GetAllHeaders()[pri:0, instance:org.RestApi.TestCases.TC004_GET_REQUEST@2a32de6c]" started-at="2020-11-26T19:29:18 IST" name="GetAllHeaders" finished-at="2020-11-26T19:29:18 IST" duration-ms="5" status="PASS">
          <reporter-output>
          </reporter-output>
        </test-method> <!-- GetAllHeaders -->
        <test-method signature="GetUserDetails()[pri:0, instance:org.RestApi.TestCases.TC004_GET_REQUEST@2a32de6c]" started-at="2020-11-26T19:29:18 IST" name="GetUserDetails" finished-at="2020-11-26T19:29:18 IST" duration-ms="10" status="PASS">
          <reporter-output>
          </reporter-output>
        </test-method> <!-- GetUserDetails -->
      </class> <!-- org.RestApi.TestCases.TC004_GET_REQUEST -->
      <class name="org.RestApi.TestCases.TC001_GET_REQUEST">
        <test-method is-config="true" signature="SetUp()[pri:0, instance:org.RestApi.TestCases.TC001_GET_REQUEST@60704c]" started-at="2020-11-26T19:29:03 IST" name="SetUp" finished-at="2020-11-26T19:29:04 IST" duration-ms="185" status="PASS">
          <reporter-output>
          </reporter-output>
        </test-method> <!-- SetUp -->
        <test-method is-config="true" signature="GetUser()[pri:0, instance:org.RestApi.TestCases.TC001_GET_REQUEST@60704c]" started-at="2020-11-26T19:29:04 IST" name="GetUser" finished-at="2020-11-26T19:29:15 IST" duration-ms="11221" status="PASS">
          <reporter-output>
          </reporter-output>
        </test-method> <!-- GetUser -->
        <test-method signature="CheckStstusLine()[pri:0, instance:org.RestApi.TestCases.TC001_GET_REQUEST@60704c]" started-at="2020-11-26T19:29:15 IST" name="CheckStstusLine" finished-at="2020-11-26T19:29:15 IST" duration-ms="12" status="PASS">
          <reporter-output>
          </reporter-output>
        </test-method> <!-- CheckStstusLine -->
        <test-method signature="CheckStstuscode()[pri:0, instance:org.RestApi.TestCases.TC001_GET_REQUEST@60704c]" started-at="2020-11-26T19:29:15 IST" name="CheckStstuscode" finished-at="2020-11-26T19:29:15 IST" duration-ms="3" status="PASS">
          <reporter-output>
          </reporter-output>
        </test-method> <!-- CheckStstuscode -->
        <test-method signature="GetUserDetails()[pri:0, instance:org.RestApi.TestCases.TC001_GET_REQUEST@60704c]" started-at="2020-11-26T19:29:15 IST" name="GetUserDetails" finished-at="2020-11-26T19:29:15 IST" duration-ms="77" status="PASS">
          <reporter-output>
          </reporter-output>
        </test-method> <!-- GetUserDetails -->
      </class> <!-- org.RestApi.TestCases.TC001_GET_REQUEST -->
      <class name="org.RestApi.TestCases.TC00_PUT_REQUEST">
        <test-method is-config="true" signature="SetUp()[pri:0, instance:org.RestApi.TestCases.TC00_PUT_REQUEST@7692d9cc]" started-at="2020-11-26T19:29:18 IST" name="SetUp" finished-at="2020-11-26T19:29:18 IST" duration-ms="10" status="PASS">
          <reporter-output>
          </reporter-output>
        </test-method> <!-- SetUp -->
        <test-method is-config="true" signature="PostUserDetails()[pri:0, instance:org.RestApi.TestCases.TC00_PUT_REQUEST@7692d9cc]" started-at="2020-11-26T19:29:18 IST" name="PostUserDetails" finished-at="2020-11-26T19:29:19 IST" duration-ms="1430" status="PASS">
          <reporter-output>
          </reporter-output>
        </test-method> <!-- PostUserDetails -->
        <test-method signature="Resbody()[pri:0, instance:org.RestApi.TestCases.TC00_PUT_REQUEST@7692d9cc]" started-at="2020-11-26T19:29:19 IST" name="Resbody" finished-at="2020-11-26T19:29:19 IST" duration-ms="3" status="PASS">
          <reporter-output>
          </reporter-output>
        </test-method> <!-- Resbody -->
      </class> <!-- org.RestApi.TestCases.TC00_PUT_REQUEST -->
      <class name="org.RestApi.TestCases.TC00_DELETE_REQUEST">
        <test-method is-config="true" signature="SetUp()[pri:0, instance:org.RestApi.TestCases.TC00_DELETE_REQUEST@75f32542]" started-at="2020-11-26T19:29:19 IST" name="SetUp" finished-at="2020-11-26T19:29:19 IST" duration-ms="11" status="PASS">
          <reporter-output>
          </reporter-output>
        </test-method> <!-- SetUp -->
        <test-method is-config="true" signature="PostUserDetails()[pri:0, instance:org.RestApi.TestCases.TC00_DELETE_REQUEST@75f32542]" started-at="2020-11-26T19:29:19 IST" name="PostUserDetails" finished-at="2020-11-26T19:29:24 IST" duration-ms="4352" status="PASS">
          <reporter-output>
          </reporter-output>
        </test-method> <!-- PostUserDetails -->
        <test-method signature="Resbody()[pri:0, instance:org.RestApi.TestCases.TC00_DELETE_REQUEST@75f32542]" started-at="2020-11-26T19:29:24 IST" name="Resbody" finished-at="2020-11-26T19:29:24 IST" duration-ms="1" status="PASS">
          <reporter-output>
          </reporter-output>
        </test-method> <!-- Resbody -->
      </class> <!-- org.RestApi.TestCases.TC00_DELETE_REQUEST -->
    </test> <!-- RestApiTest -->
  </suite> <!-- RestApiSuite -->
</testng-results>
