<?xml version="1.0" encoding="UTF-8"?>
<testng-results ignored="0" total="10" passed="9" failed="1" skipped="0">
  <reporter-output>
  </reporter-output>
  <suite started-at="2020-11-26T17:05:57 IST" name="RestApiSuite" finished-at="2020-11-26T17:06:13 IST" duration-ms="15943">
    <groups>
    </groups>
    <test started-at="2020-11-26T17:05:57 IST" name="RestApiTest" finished-at="2020-11-26T17:06:13 IST" duration-ms="15943">
      <class name="org.RestApi.TestCases.TC002_POST_REQUEST">
        <test-method is-config="true" signature="SetUp()[pri:0, instance:org.RestApi.TestCases.TC002_POST_REQUEST@3ba9ad43]" started-at="2020-11-26T17:06:05 IST" name="SetUp" finished-at="2020-11-26T17:06:05 IST" duration-ms="10" status="PASS">
          <reporter-output>
          </reporter-output>
        </test-method> <!-- SetUp -->
        <test-method is-config="true" signature="PostUserDetails()[pri:0, instance:org.RestApi.TestCases.TC002_POST_REQUEST@3ba9ad43]" started-at="2020-11-26T17:06:05 IST" name="PostUserDetails" finished-at="2020-11-26T17:06:07 IST" duration-ms="1720" status="PASS">
          <reporter-output>
          </reporter-output>
        </test-method> <!-- PostUserDetails -->
        <test-method signature="Resbody()[pri:0, instance:org.RestApi.TestCases.TC002_POST_REQUEST@3ba9ad43]" started-at="2020-11-26T17:06:07 IST" name="Resbody" finished-at="2020-11-26T17:06:07 IST" duration-ms="9" status="PASS">
          <reporter-output>
          </reporter-output>
        </test-method> <!-- Resbody -->
      </class> <!-- org.RestApi.TestCases.TC002_POST_REQUEST -->
      <class name="org.RestApi.TestCases.TC001_GET_REQUEST">
        <test-method is-config="true" signature="SetUp()[pri:0, instance:org.RestApi.TestCases.TC001_GET_REQUEST@be64738]" started-at="2020-11-26T17:05:57 IST" name="SetUp" finished-at="2020-11-26T17:05:57 IST" duration-ms="155" status="PASS">
          <reporter-output>
          </reporter-output>
        </test-method> <!-- SetUp -->
        <test-method is-config="true" signature="GetUser()[pri:0, instance:org.RestApi.TestCases.TC001_GET_REQUEST@be64738]" started-at="2020-11-26T17:05:57 IST" name="GetUser" finished-at="2020-11-26T17:06:05 IST" duration-ms="7026" status="PASS">
          <reporter-output>
          </reporter-output>
        </test-method> <!-- GetUser -->
        <test-method signature="CheckStstusLine()[pri:0, instance:org.RestApi.TestCases.TC001_GET_REQUEST@be64738]" started-at="2020-11-26T17:06:05 IST" name="CheckStstusLine" finished-at="2020-11-26T17:06:05 IST" duration-ms="33" status="PASS">
          <reporter-output>
          </reporter-output>
        </test-method> <!-- CheckStstusLine -->
        <test-method signature="CheckStstuscode()[pri:0, instance:org.RestApi.TestCases.TC001_GET_REQUEST@be64738]" started-at="2020-11-26T17:06:05 IST" name="CheckStstuscode" finished-at="2020-11-26T17:06:05 IST" duration-ms="9" status="PASS">
          <reporter-output>
          </reporter-output>
        </test-method> <!-- CheckStstuscode -->
        <test-method signature="GetUserDetails()[pri:0, instance:org.RestApi.TestCases.TC001_GET_REQUEST@be64738]" started-at="2020-11-26T17:06:05 IST" name="GetUserDetails" finished-at="2020-11-26T17:06:05 IST" duration-ms="112" status="PASS">
          <reporter-output>
          </reporter-output>
        </test-method> <!-- GetUserDetails -->
      </class> <!-- org.RestApi.TestCases.TC001_GET_REQUEST -->
      <class name="org.RestApi.TestCases.TC004_GET_REQUEST">
        <test-method is-config="true" signature="SetUp()[pri:0, instance:org.RestApi.TestCases.TC004_GET_REQUEST@49d904ec]" started-at="2020-11-26T17:06:07 IST" name="SetUp" finished-at="2020-11-26T17:06:07 IST" duration-ms="12" status="PASS">
          <reporter-output>
          </reporter-output>
        </test-method> <!-- SetUp -->
        <test-method is-config="true" signature="GetUser()[pri:0, instance:org.RestApi.TestCases.TC004_GET_REQUEST@49d904ec]" started-at="2020-11-26T17:06:07 IST" name="GetUser" finished-at="2020-11-26T17:06:07 IST" duration-ms="516" status="PASS">
          <reporter-output>
          </reporter-output>
        </test-method> <!-- GetUser -->
        <test-method signature="CheckStstusLine()[pri:0, instance:org.RestApi.TestCases.TC004_GET_REQUEST@49d904ec]" started-at="2020-11-26T17:06:07 IST" name="CheckStstusLine" finished-at="2020-11-26T17:06:07 IST" duration-ms="7" status="PASS">
          <reporter-output>
          </reporter-output>
        </test-method> <!-- CheckStstusLine -->
        <test-method signature="CheckStstuscode()[pri:0, instance:org.RestApi.TestCases.TC004_GET_REQUEST@49d904ec]" started-at="2020-11-26T17:06:07 IST" name="CheckStstuscode" finished-at="2020-11-26T17:06:07 IST" duration-ms="14" status="PASS">
          <reporter-output>
          </reporter-output>
        </test-method> <!-- CheckStstuscode -->
        <test-method signature="GetAllHeaders()[pri:0, instance:org.RestApi.TestCases.TC004_GET_REQUEST@49d904ec]" started-at="2020-11-26T17:06:07 IST" name="GetAllHeaders" finished-at="2020-11-26T17:06:07 IST" duration-ms="15" status="PASS">
          <reporter-output>
          </reporter-output>
        </test-method> <!-- GetAllHeaders -->
        <test-method signature="GetUserDetails()[pri:0, instance:org.RestApi.TestCases.TC004_GET_REQUEST@49d904ec]" started-at="2020-11-26T17:06:07 IST" name="GetUserDetails" finished-at="2020-11-26T17:06:07 IST" duration-ms="10" status="PASS">
          <reporter-output>
          </reporter-output>
        </test-method> <!-- GetUserDetails -->
      </class> <!-- org.RestApi.TestCases.TC004_GET_REQUEST -->
      <class name="org.RestApi.TestCases.TC00_PUT_REQUEST">
        <test-method is-config="true" signature="SetUp()[pri:0, instance:org.RestApi.TestCases.TC00_PUT_REQUEST@48e4374]" started-at="2020-11-26T17:06:07 IST" name="SetUp" finished-at="2020-11-26T17:06:07 IST" duration-ms="10" status="PASS">
          <reporter-output>
          </reporter-output>
        </test-method> <!-- SetUp -->
        <test-method is-config="true" signature="PostUserDetails()[pri:0, instance:org.RestApi.TestCases.TC00_PUT_REQUEST@48e4374]" started-at="2020-11-26T17:06:07 IST" name="PostUserDetails" finished-at="2020-11-26T17:06:09 IST" duration-ms="1491" status="PASS">
          <reporter-output>
          </reporter-output>
        </test-method> <!-- PostUserDetails -->
        <test-method signature="Resbody()[pri:0, instance:org.RestApi.TestCases.TC00_PUT_REQUEST@48e4374]" started-at="2020-11-26T17:06:09 IST" name="Resbody" finished-at="2020-11-26T17:06:09 IST" duration-ms="14" status="FAIL">
          <exception class="java.lang.AssertionError">
            <message>
              <![CDATA[expected [true] but found [false]]]>
            </message>
            <full-stacktrace>
              <![CDATA[java.lang.AssertionError: expected [true] but found [false]
at org.testng.Assert.fail(Assert.java:99)
at org.testng.Assert.failNotEquals(Assert.java:1037)
at org.testng.Assert.assertEqualsImpl(Assert.java:140)
at org.testng.Assert.assertEquals(Assert.java:122)
at org.testng.Assert.assertEquals(Assert.java:819)
at org.testng.Assert.assertEquals(Assert.java:829)
at org.RestApi.TestCases.TC00_PUT_REQUEST.Resbody(TC00_PUT_REQUEST.java:46)
at java.base/jdk.internal.reflect.NativeMethodAccessorImpl.invoke0(Native Method)
at java.base/jdk.internal.reflect.NativeMethodAccessorImpl.invoke(NativeMethodAccessorImpl.java:64)
at java.base/jdk.internal.reflect.DelegatingMethodAccessorImpl.invoke(DelegatingMethodAccessorImpl.java:43)
at java.base/java.lang.reflect.Method.invoke(Method.java:564)
at org.testng.internal.MethodInvocationHelper.invokeMethod(MethodInvocationHelper.java:132)
at org.testng.internal.TestInvoker.invokeMethod(TestInvoker.java:599)
at org.testng.internal.TestInvoker.invokeTestMethod(TestInvoker.java:174)
at org.testng.internal.MethodRunner.runInSequence(MethodRunner.java:46)
at org.testng.internal.TestInvoker$MethodInvocationAgent.invoke(TestInvoker.java:822)
at org.testng.internal.TestInvoker.invokeTestMethods(TestInvoker.java:147)
at org.testng.internal.TestMethodWorker.invokeTestMethods(TestMethodWorker.java:146)
at org.testng.internal.TestMethodWorker.run(TestMethodWorker.java:128)
at java.base/java.util.ArrayList.forEach(ArrayList.java:1511)
at org.testng.TestRunner.privateRun(TestRunner.java:764)
at org.testng.TestRunner.run(TestRunner.java:585)
at org.testng.SuiteRunner.runTest(SuiteRunner.java:384)
at org.testng.SuiteRunner.runSequentially(SuiteRunner.java:378)
at org.testng.SuiteRunner.privateRun(SuiteRunner.java:337)
at org.testng.SuiteRunner.run(SuiteRunner.java:286)
at org.testng.SuiteRunnerWorker.runSuite(SuiteRunnerWorker.java:53)
at org.testng.SuiteRunnerWorker.run(SuiteRunnerWorker.java:96)
at org.testng.TestNG.runSuitesSequentially(TestNG.java:1218)
at org.testng.TestNG.runSuitesLocally(TestNG.java:1140)
at org.testng.TestNG.runSuites(TestNG.java:1069)
at org.testng.TestNG.run(TestNG.java:1037)
at org.testng.remote.AbstractRemoteTestNG.run(AbstractRemoteTestNG.java:115)
at org.testng.remote.RemoteTestNG.initAndRun(RemoteTestNG.java:251)
at org.testng.remote.RemoteTestNG.main(RemoteTestNG.java:77)
]]>
            </full-stacktrace>
          </exception> <!-- java.lang.AssertionError -->
          <reporter-output>
          </reporter-output>
        </test-method> <!-- Resbody -->
      </class> <!-- org.RestApi.TestCases.TC00_PUT_REQUEST -->
      <class name="org.RestApi.TestCases.TC00_DELETE_REQUEST">
        <test-method is-config="true" signature="SetUp()[pri:0, instance:org.RestApi.TestCases.TC00_DELETE_REQUEST@3d680b5a]" started-at="2020-11-26T17:06:09 IST" name="SetUp" finished-at="2020-11-26T17:06:09 IST" duration-ms="8" status="PASS">
          <reporter-output>
          </reporter-output>
        </test-method> <!-- SetUp -->
        <test-method is-config="true" signature="PostUserDetails()[pri:0, instance:org.RestApi.TestCases.TC00_DELETE_REQUEST@3d680b5a]" started-at="2020-11-26T17:06:09 IST" name="PostUserDetails" finished-at="2020-11-26T17:06:12 IST" duration-ms="3778" status="PASS">
          <reporter-output>
          </reporter-output>
        </test-method> <!-- PostUserDetails -->
        <test-method signature="Resbody()[pri:0, instance:org.RestApi.TestCases.TC00_DELETE_REQUEST@3d680b5a]" started-at="2020-11-26T17:06:12 IST" name="Resbody" finished-at="2020-11-26T17:06:13 IST" duration-ms="4" status="PASS">
          <reporter-output>
          </reporter-output>
        </test-method> <!-- Resbody -->
      </class> <!-- org.RestApi.TestCases.TC00_DELETE_REQUEST -->
    </test> <!-- RestApiTest -->
  </suite> <!-- RestApiSuite -->
</testng-results>
