<?xml version="1.0" encoding="UTF-8"?>
<!-- Generated by org.testng.reporters.JUnitXMLReporter -->
<testsuite ignored="0" hostname="DESKTOP-HR5OPSO" failures="1" tests="10" name="RestApiTest" time="15.943" errors="0" timestamp="2020-11-26T17:06:13 IST">
  <testcase classname="org.RestApi.TestCases.TC001_GET_REQUEST" name="CheckStstusLine" time="0.033"/>
  <testcase classname="org.RestApi.TestCases.TC001_GET_REQUEST" name="CheckStstuscode" time="0.009"/>
  <testcase classname="org.RestApi.TestCases.TC001_GET_REQUEST" name="GetUserDetails" time="0.112"/>
  <testcase classname="org.RestApi.TestCases.TC002_POST_REQUEST" name="Resbody" time="0.009"/>
  <testcase classname="org.RestApi.TestCases.TC004_GET_REQUEST" name="CheckStstusLine" time="0.007"/>
  <testcase classname="org.RestApi.TestCases.TC004_GET_REQUEST" name="CheckStstuscode" time="0.014"/>
  <testcase classname="org.RestApi.TestCases.TC004_GET_REQUEST" name="GetAllHeaders" time="0.015"/>
  <testcase classname="org.RestApi.TestCases.TC004_GET_REQUEST" name="GetUserDetails" time="0.01"/>
  <testcase classname="org.RestApi.TestCases.TC00_PUT_REQUEST" name="Resbody" time="0.014">
    <failure type="java.lang.AssertionError" message="expected [true] but found [false]">
      <![CDATA[java.lang.AssertionError: expected [true] but found [false]
at org.RestApi.TestCases.TC00_PUT_REQUEST.Resbody(TC00_PUT_REQUEST.java:46)
at java.base/java.util.ArrayList.forEach(ArrayList.java:1511)
... Removed 33 stack frames]]>
    </failure>
  </testcase> <!-- Resbody -->
  <testcase classname="org.RestApi.TestCases.TC00_DELETE_REQUEST" name="Resbody" time="0.004"/>
</testsuite> <!-- RestApiTest -->
